Using pre-set license
Built from '2020.3/staging' branch; Version is '2020.3.5f1 (8095aa901b9b) revision 8426922'; Using compiler version '192528614'; Build Type 'Release'
OS: 'Windows 10 Pro; OS build 19043.1766; Version 2009; 64bit' Language: 'en' Physical Memory: 32628 MB
BatchMode: 1, IsHumanControllingUs: 0, StartBugReporterOnCrash: 0, Is64bit: 1, IsPro: 0

 COMMAND LINE ARGUMENTS:
C:\Program Files\Unity\Hub\Editor\2020.3.5f1\Editor\Unity.exe
-adb2
-batchMode
-noUpm
-name
AssetImportWorker0
-projectPath
C:/Users/timot/Desktop/GitGood/Hopscotch/Traffic Tiles
-logFile
Logs/AssetImportWorker0.log
-srvPort
51270
Successfully changed project path to: C:/Users/timot/Desktop/GitGood/Hopscotch/Traffic Tiles
C:/Users/timot/Desktop/GitGood/Hopscotch/Traffic Tiles
Using Asset Import Pipeline V2.
Refreshing native plugins compatible for Editor in 21.82 ms, found 0 plugins.
Preloading 0 native plugins for Editor in 0.00 ms.
Initialize engine version: 2020.3.5f1 (8095aa901b9b)
[Subsystems] Discovering subsystems at path C:/Program Files/Unity/Hub/Editor/2020.3.5f1/Editor/Data/Resources/UnitySubsystems
[Subsystems] Discovering subsystems at path C:/Users/timot/Desktop/GitGood/Hopscotch/Traffic Tiles/Assets
GfxDevice: creating device client; threaded=0
Direct3D:
    Version:  Direct3D 11.0 [level 11.1]
    Renderer: NVIDIA GeForce RTX 3060 Ti (ID=0x2489)
    Vendor:   
    VRAM:     8050 MB
    Driver:   30.0.15.1123
Initialize mono
Mono path[0] = 'C:/Program Files/Unity/Hub/Editor/2020.3.5f1/Editor/Data/Managed'
Mono path[1] = 'C:/Program Files/Unity/Hub/Editor/2020.3.5f1/Editor/Data/MonoBleedingEdge/lib/mono/unityjit'
Mono config path = 'C:/Program Files/Unity/Hub/Editor/2020.3.5f1/Editor/Data/MonoBleedingEdge/etc'
Using monoOptions --debugger-agent=transport=dt_socket,embedding=1,server=y,suspend=n,address=127.0.0.1:56176
Begin MonoManager ReloadAssembly
Registering precompiled unity dll's ...
Register platform support module: C:/Program Files/Unity/Hub/Editor/2020.3.5f1/Editor/Data/PlaybackEngines/WindowsStandaloneSupport/UnityEditor.WindowsStandalone.Extensions.dll
Registered in 0.002454 seconds.
Native extension for WindowsStandalone target not found
Refreshing native plugins compatible for Editor in 22.10 ms, found 0 plugins.
Preloading 0 native plugins for Editor in 0.00 ms.
Mono: successfully reloaded assembly
- Completed reload, in  1.655 seconds
Platform modules already initialized, skipping
Registering precompiled user dll's ...
Registered in 0.000602 seconds.
Begin MonoManager ReloadAssembly
Native extension for WindowsStandalone target not found
Refreshing native plugins compatible for Editor in 0.23 ms, found 0 plugins.
Preloading 0 native plugins for Editor in 0.00 ms.
Mono: successfully reloaded assembly
- Completed reload, in  0.625 seconds
Platform modules already initialized, skipping
========================================================================
Worker process is ready to serve import requests
Launched and connected shader compiler UnityShaderCompiler.exe after 0.03 seconds
Refreshing native plugins compatible for Editor in 0.23 ms, found 0 plugins.
Preloading 0 native plugins for Editor in 0.00 ms.
Unloading 1482 Unused Serialized files (Serialized files now loaded: 0)
System memory in use before: 72.4 MB.
System memory in use after: 72.4 MB.

Unloading 11 unused Assets to reduce memory usage. Loaded Objects now: 1926.
Total: 4.660100 ms (FindLiveObjects: 0.336100 ms CreateObjectMapping: 0.217900 ms MarkObjects: 3.840500 ms  DeleteObjects: 0.263300 ms)

========================================================================
Received Import Request.
  path: Assets/Scenes/EndMenuScene.unity
  artifactKey: Guid(dc9ddfa7455cd7e43b9eb078e80251d6) Importer(815301076,1909f56bfc062723c751e8b465ee728b)
Start importing Assets/Scenes/EndMenuScene.unity using Guid(dc9ddfa7455cd7e43b9eb078e80251d6) Importer(815301076,1909f56bfc062723c751e8b465ee728b)  -> (artifact id: '01c264266e5ba35c696cbdc0bb1e562a') in 0.010611 seconds
  Import took 0.012631 seconds .

========================================================================
Received Import Request.
  Time since last request: 12.683598 seconds.
  path: Assets/Scenes/SampleScene.unity
  artifactKey: Guid(9fc0d4010bbf28b4594072e72b8655ab) Importer(815301076,1909f56bfc062723c751e8b465ee728b)
Start importing Assets/Scenes/SampleScene.unity using Guid(9fc0d4010bbf28b4594072e72b8655ab) Importer(815301076,1909f56bfc062723c751e8b465ee728b)  -> (artifact id: '0ebbfeb7614ab4484c019c9a5b11de72') in 0.005927 seconds
  Import took 0.007973 seconds .

========================================================================
Received Prepare
Registering precompiled user dll's ...
Registered in 0.000699 seconds.
Begin MonoManager ReloadAssembly
Native extension for WindowsStandalone target not found
Refreshing native plugins compatible for Editor in 0.23 ms, found 0 plugins.
Preloading 0 native plugins for Editor in 0.00 ms.
Mono: successfully reloaded assembly
- Completed reload, in  0.636 seconds
Platform modules already initialized, skipping
Refreshing native plugins compatible for Editor in 0.23 ms, found 0 plugins.
Preloading 0 native plugins for Editor in 0.00 ms.
Unloading 1455 Unused Serialized files (Serialized files now loaded: 0)
System memory in use before: 70.3 MB.
System memory in use after: 70.3 MB.

Unloading 6 unused Assets to reduce memory usage. Loaded Objects now: 1929.
Total: 5.506100 ms (FindLiveObjects: 0.413500 ms CreateObjectMapping: 0.171800 ms MarkObjects: 4.689500 ms  DeleteObjects: 0.228300 ms)

========================================================================
Received Import Request.
  Time since last request: 78.276633 seconds.
  path: Assets/Scripts/StartMenu_Display.cs
  artifactKey: Guid(a0e3cdb026ae7ec40918a2027130ee81) Importer(815301076,1909f56bfc062723c751e8b465ee728b)
Start importing Assets/Scripts/StartMenu_Display.cs using Guid(a0e3cdb026ae7ec40918a2027130ee81) Importer(815301076,1909f56bfc062723c751e8b465ee728b)  -> (artifact id: '338fdce721a6df153eb36e5ccbc6e87d') in 0.017358 seconds
  Import took 0.019366 seconds .

========================================================================
Received Prepare
Registering precompiled user dll's ...
Registered in 0.000849 seconds.
Begin MonoManager ReloadAssembly
Native extension for WindowsStandalone target not found
Refreshing native plugins compatible for Editor in 0.24 ms, found 0 plugins.
Preloading 0 native plugins for Editor in 0.00 ms.
Mono: successfully reloaded assembly
- Completed reload, in  0.628 seconds
Platform modules already initialized, skipping
Refreshing native plugins compatible for Editor in 0.24 ms, found 0 plugins.
Preloading 0 native plugins for Editor in 0.00 ms.
Unloading 1455 Unused Serialized files (Serialized files now loaded: 0)
System memory in use before: 70.3 MB.
System memory in use after: 70.3 MB.

Unloading 6 unused Assets to reduce memory usage. Loaded Objects now: 1932.
Total: 1.828800 ms (FindLiveObjects: 0.147600 ms CreateObjectMapping: 0.045300 ms MarkObjects: 1.563500 ms  DeleteObjects: 0.071400 ms)

========================================================================
Received Import Request.
  Time since last request: 327.447122 seconds.
  path: Assets/Scenes/DoodleScene.unity
  artifactKey: Guid(4b926aec08a23b340a772307a0063337) Importer(815301076,1909f56bfc062723c751e8b465ee728b)
Start importing Assets/Scenes/DoodleScene.unity using Guid(4b926aec08a23b340a772307a0063337) Importer(815301076,1909f56bfc062723c751e8b465ee728b)  -> (artifact id: '85d4dee67896255be013c2ebb7ddb621') in 0.016286 seconds
  Import took 0.018748 seconds .

========================================================================
Received Prepare
Registering precompiled user dll's ...
Registered in 0.000510 seconds.
Begin MonoManager ReloadAssembly
Native extension for WindowsStandalone target not found
Refreshing native plugins compatible for Editor in 0.23 ms, found 0 plugins.
Preloading 0 native plugins for Editor in 0.00 ms.
Mono: successfully reloaded assembly
- Completed reload, in  0.601 seconds
Platform modules already initialized, skipping
Refreshing native plugins compatible for Editor in 0.25 ms, found 0 plugins.
Preloading 0 native plugins for Editor in 0.00 ms.
Unloading 1455 Unused Serialized files (Serialized files now loaded: 0)
System memory in use before: 70.3 MB.
System memory in use after: 70.4 MB.

Unloading 6 unused Assets to reduce memory usage. Loaded Objects now: 1935.
Total: 1.436900 ms (FindLiveObjects: 0.134500 ms CreateObjectMapping: 0.038500 ms MarkObjects: 1.201200 ms  DeleteObjects: 0.061200 ms)

========================================================================
Received Import Request.
  Time since last request: 58.018301 seconds.
  path: Assets/Scenes/DoodleScene.unity
  artifactKey: Guid(4b926aec08a23b340a772307a0063337) Importer(815301076,1909f56bfc062723c751e8b465ee728b)
Start importing Assets/Scenes/DoodleScene.unity using Guid(4b926aec08a23b340a772307a0063337) Importer(815301076,1909f56bfc062723c751e8b465ee728b)  -> (artifact id: '5a3b800b0c200f3c480a47aef0d99f37') in 0.012030 seconds
  Import took 0.014074 seconds .

========================================================================
Received Import Request.
  Time since last request: 84.485833 seconds.
  path: Assets/Scenes/StartMenuScene.unity
  artifactKey: Guid(0798f5e63b909dc4ba2d8c231e0dea0c) Importer(815301076,1909f56bfc062723c751e8b465ee728b)
Start importing Assets/Scenes/StartMenuScene.unity using Guid(0798f5e63b909dc4ba2d8c231e0dea0c) Importer(815301076,1909f56bfc062723c751e8b465ee728b)  -> (artifact id: '7a77a33bd0e0f86e6787c47e7c9257f0') in 0.006659 seconds
  Import took 0.008569 seconds .

========================================================================
Received Prepare
Registering precompiled user dll's ...
Registered in 0.000525 seconds.
Begin MonoManager ReloadAssembly
Native extension for WindowsStandalone target not found
Refreshing native plugins compatible for Editor in 0.23 ms, found 0 plugins.
Preloading 0 native plugins for Editor in 0.00 ms.
Mono: successfully reloaded assembly
- Completed reload, in  0.599 seconds
Platform modules already initialized, skipping
Refreshing native plugins compatible for Editor in 0.23 ms, found 0 plugins.
Preloading 0 native plugins for Editor in 0.00 ms.
Unloading 1455 Unused Serialized files (Serialized files now loaded: 0)
System memory in use before: 70.4 MB.
System memory in use after: 70.4 MB.

Unloading 6 unused Assets to reduce memory usage. Loaded Objects now: 1938.
Total: 1.398900 ms (FindLiveObjects: 0.129000 ms CreateObjectMapping: 0.038900 ms MarkObjects: 1.166500 ms  DeleteObjects: 0.064100 ms)

========================================================================
Received Import Request.
  Time since last request: 239.738658 seconds.
  path: Assets/Scenes/EndMenuScene.unity
  artifactKey: Guid(dc9ddfa7455cd7e43b9eb078e80251d6) Importer(815301076,1909f56bfc062723c751e8b465ee728b)
Start importing Assets/Scenes/EndMenuScene.unity using Guid(dc9ddfa7455cd7e43b9eb078e80251d6) Importer(815301076,1909f56bfc062723c751e8b465ee728b)  -> (artifact id: '94ebb91acb5943fbc793e0002da5b086') in 0.012030 seconds
  Import took 0.014174 seconds .

========================================================================
Received Import Request.
  Time since last request: 627.301785 seconds.
  path: Assets/Scenes/StartMenuScene.unity
  artifactKey: Guid(0798f5e63b909dc4ba2d8c231e0dea0c) Importer(815301076,1909f56bfc062723c751e8b465ee728b)
Start importing Assets/Scenes/StartMenuScene.unity using Guid(0798f5e63b909dc4ba2d8c231e0dea0c) Importer(815301076,1909f56bfc062723c751e8b465ee728b)  -> (artifact id: 'b4c61f2a416c45552352d76175a03131') in 0.003498 seconds
  Import took 0.005941 seconds .

========================================================================
Received Prepare
Registering precompiled user dll's ...
Registered in 0.000569 seconds.
Begin MonoManager ReloadAssembly
Native extension for WindowsStandalone target not found
Refreshing native plugins compatible for Editor in 0.23 ms, found 0 plugins.
Preloading 0 native plugins for Editor in 0.00 ms.
Mono: successfully reloaded assembly
- Completed reload, in  0.609 seconds
Platform modules already initialized, skipping
Refreshing native plugins compatible for Editor in 0.25 ms, found 0 plugins.
Preloading 0 native plugins for Editor in 0.00 ms.
Unloading 1455 Unused Serialized files (Serialized files now loaded: 0)
System memory in use before: 70.4 MB.
System memory in use after: 70.4 MB.

Unloading 6 unused Assets to reduce memory usage. Loaded Objects now: 1941.
Total: 1.833100 ms (FindLiveObjects: 0.275600 ms CreateObjectMapping: 0.089500 ms MarkObjects: 1.385100 ms  DeleteObjects: 0.081900 ms)

========================================================================
Received Prepare
Registering precompiled user dll's ...
Registered in 0.000561 seconds.
Begin MonoManager ReloadAssembly
Native extension for WindowsStandalone target not found
Refreshing native plugins compatible for Editor in 0.23 ms, found 0 plugins.
Preloading 0 native plugins for Editor in 0.00 ms.
Mono: successfully reloaded assembly
- Completed reload, in  0.634 seconds
Platform modules already initialized, skipping
Refreshing native plugins compatible for Editor in 0.23 ms, found 0 plugins.
Preloading 0 native plugins for Editor in 0.00 ms.
Unloading 1455 Unused Serialized files (Serialized files now loaded: 0)
System memory in use before: 70.4 MB.
System memory in use after: 70.4 MB.

Unloading 6 unused Assets to reduce memory usage. Loaded Objects now: 1944.
Total: 1.755000 ms (FindLiveObjects: 0.164900 ms CreateObjectMapping: 0.043800 ms MarkObjects: 1.480300 ms  DeleteObjects: 0.065000 ms)

========================================================================
Received Import Request.
  Time since last request: 174.252869 seconds.
  path: Assets/Scripts/Timer.cs
  artifactKey: Guid(bb8d2a98f87e37e4ebf8049fa934a77b) Importer(815301076,1909f56bfc062723c751e8b465ee728b)
Start importing Assets/Scripts/Timer.cs using Guid(bb8d2a98f87e37e4ebf8049fa934a77b) Importer(815301076,1909f56bfc062723c751e8b465ee728b)  -> (artifact id: '06356ab834b93c46bbbb5ddba22315ba') in 0.007474 seconds
  Import took 0.009653 seconds .

========================================================================
Received Import Request.
  Time since last request: 0.008300 seconds.
  path: Assets/Scripts/Timer.cs
  artifactKey: Guid(bb8d2a98f87e37e4ebf8049fa934a77b) Importer(815301076,1909f56bfc062723c751e8b465ee728b)
Start importing Assets/Scripts/Timer.cs using Guid(bb8d2a98f87e37e4ebf8049fa934a77b) Importer(815301076,1909f56bfc062723c751e8b465ee728b)  -> (artifact id: '06356ab834b93c46bbbb5ddba22315ba') in 0.003528 seconds
  Import took 0.005626 seconds .

========================================================================
Received Import Request.
  Time since last request: 27.287731 seconds.
  path: Assets/Scenes/SampleScene.unity
  artifactKey: Guid(9fc0d4010bbf28b4594072e72b8655ab) Importer(815301076,1909f56bfc062723c751e8b465ee728b)
Start importing Assets/Scenes/SampleScene.unity using Guid(9fc0d4010bbf28b4594072e72b8655ab) Importer(815301076,1909f56bfc062723c751e8b465ee728b)  -> (artifact id: 'd516f030bfd3cdebdac1e078dd3bc8e1') in 0.008143 seconds
  Import took 0.010073 seconds .

========================================================================
Received Prepare
Registering precompiled user dll's ...
Registered in 0.000529 seconds.
Begin MonoManager ReloadAssembly
Native extension for WindowsStandalone target not found
Refreshing native plugins compatible for Editor in 0.23 ms, found 0 plugins.
Preloading 0 native plugins for Editor in 0.00 ms.
Mono: successfully reloaded assembly
- Completed reload, in  0.620 seconds
Platform modules already initialized, skipping
Refreshing native plugins compatible for Editor in 0.23 ms, found 0 plugins.
Preloading 0 native plugins for Editor in 0.00 ms.
Unloading 1455 Unused Serialized files (Serialized files now loaded: 0)
System memory in use before: 70.4 MB.
System memory in use after: 70.4 MB.

Unloading 6 unused Assets to reduce memory usage. Loaded Objects now: 1947.
Total: 1.615900 ms (FindLiveObjects: 0.144600 ms CreateObjectMapping: 0.037800 ms MarkObjects: 1.371100 ms  DeleteObjects: 0.061600 ms)

========================================================================
Received Prepare
Registering precompiled user dll's ...
Registered in 0.000539 seconds.
Begin MonoManager ReloadAssembly
Native extension for WindowsStandalone target not found
Refreshing native plugins compatible for Editor in 0.23 ms, found 0 plugins.
Preloading 0 native plugins for Editor in 0.00 ms.
Mono: successfully reloaded assembly
- Completed reload, in  0.604 seconds
Platform modules already initialized, skipping
Refreshing native plugins compatible for Editor in 0.23 ms, found 0 plugins.
Preloading 0 native plugins for Editor in 0.00 ms.
Unloading 1455 Unused Serialized files (Serialized files now loaded: 0)
System memory in use before: 70.4 MB.
System memory in use after: 70.4 MB.

Unloading 6 unused Assets to reduce memory usage. Loaded Objects now: 1950.
Total: 5.035900 ms (FindLiveObjects: 0.337600 ms CreateObjectMapping: 0.131700 ms MarkObjects: 4.500800 ms  DeleteObjects: 0.064300 ms)

========================================================================
Received Import Request.
  Time since last request: 191.615701 seconds.
  path: Assets/Scenes/SampleScene.unity
  artifactKey: Guid(9fc0d4010bbf28b4594072e72b8655ab) Importer(815301076,1909f56bfc062723c751e8b465ee728b)
Start importing Assets/Scenes/SampleScene.unity using Guid(9fc0d4010bbf28b4594072e72b8655ab) Importer(815301076,1909f56bfc062723c751e8b465ee728b)  -> (artifact id: '8d173e0f1cbb57faf6dd21e8c3e2382d') in 0.009628 seconds
  Import took 0.011707 seconds .

========================================================================
Received Import Request.
  Time since last request: 0.000699 seconds.
  path: Assets/Scenes/SampleScene.unity
  artifactKey: Guid(9fc0d4010bbf28b4594072e72b8655ab) Importer(815301076,1909f56bfc062723c751e8b465ee728b)
Start importing Assets/Scenes/SampleScene.unity using Guid(9fc0d4010bbf28b4594072e72b8655ab) Importer(815301076,1909f56bfc062723c751e8b465ee728b)  -> (artifact id: '8d173e0f1cbb57faf6dd21e8c3e2382d') in 0.003829 seconds
  Import took 0.006025 seconds .

========================================================================
Received Import Request.
  Time since last request: 9.328473 seconds.
  path: Assets/Scenes/DoodleScene.unity
  artifactKey: Guid(4b926aec08a23b340a772307a0063337) Importer(815301076,1909f56bfc062723c751e8b465ee728b)
Start importing Assets/Scenes/DoodleScene.unity using Guid(4b926aec08a23b340a772307a0063337) Importer(815301076,1909f56bfc062723c751e8b465ee728b)  -> (artifact id: '5d4ee903291a75626b947666bb4964e1') in 0.003613 seconds
  Import took 0.005684 seconds .

========================================================================
Received Prepare
Registering precompiled user dll's ...
Registered in 0.000556 seconds.
Begin MonoManager ReloadAssembly
Native extension for WindowsStandalone target not found
Refreshing native plugins compatible for Editor in 0.23 ms, found 0 plugins.
Preloading 0 native plugins for Editor in 0.00 ms.
Mono: successfully reloaded assembly
- Completed reload, in  0.595 seconds
Platform modules already initialized, skipping
Refreshing native plugins compatible for Editor in 0.24 ms, found 0 plugins.
Preloading 0 native plugins for Editor in 0.00 ms.
Unloading 1455 Unused Serialized files (Serialized files now loaded: 0)
System memory in use before: 70.4 MB.
System memory in use after: 70.5 MB.

Unloading 6 unused Assets to reduce memory usage. Loaded Objects now: 1953.
Total: 1.700600 ms (FindLiveObjects: 0.180700 ms CreateObjectMapping: 0.040100 ms MarkObjects: 1.416600 ms  DeleteObjects: 0.062400 ms)

========================================================================
Received Import Request.
  Time since last request: 15.186341 seconds.
  path: Assets/Scenes/StartMenuScene.unity
  artifactKey: Guid(0798f5e63b909dc4ba2d8c231e0dea0c) Importer(815301076,1909f56bfc062723c751e8b465ee728b)
Start importing Assets/Scenes/StartMenuScene.unity using Guid(0798f5e63b909dc4ba2d8c231e0dea0c) Importer(815301076,1909f56bfc062723c751e8b465ee728b)  -> (artifact id: '3561cf4c87749f9452f6427140bef883') in 0.010485 seconds
  Import took 0.012469 seconds .

AssetImportWorkerClient::OnTransportError - code=2 error=End of file
