Using pre-set license
Built from '2020.3/staging' branch; Version is '2020.3.5f1 (8095aa901b9b) revision 8426922'; Using compiler version '192528614'; Build Type 'Release'
OS: 'Windows 10 Education; OS build 19044.1288; Version 2009; 64bit' Language: 'en' Physical Memory: 32726 MB
BatchMode: 1, IsHumanControllingUs: 0, StartBugReporterOnCrash: 0, Is64bit: 1, IsPro: 0

 COMMAND LINE ARGUMENTS:
C:\Program Files\Unity\Hub\Editor\2020.3.5f1\Editor\Unity.exe
-adb2
-batchMode
-noUpm
-name
AssetImportWorker0
-projectPath
C:/Users/s210954/Documents/GitHub/Hopscotch/Traffic Tiles
-logFile
Logs/AssetImportWorker0.log
-srvPort
52482
Successfully changed project path to: C:/Users/s210954/Documents/GitHub/Hopscotch/Traffic Tiles
C:/Users/s210954/Documents/GitHub/Hopscotch/Traffic Tiles
Using Asset Import Pipeline V2.
Refreshing native plugins compatible for Editor in 26.95 ms, found 0 plugins.
Preloading 0 native plugins for Editor in 0.00 ms.
Initialize engine version: 2020.3.5f1 (8095aa901b9b)
[Subsystems] Discovering subsystems at path C:/Program Files/Unity/Hub/Editor/2020.3.5f1/Editor/Data/Resources/UnitySubsystems
[Subsystems] Discovering subsystems at path C:/Users/s210954/Documents/GitHub/Hopscotch/Traffic Tiles/Assets
GfxDevice: creating device client; threaded=0
Direct3D:
    Version:  Direct3D 11.0 [level 11.1]
    Renderer: NVIDIA GeForce GTX 1060 3GB (ID=0x1c02)
    Vendor:   
    VRAM:     2988 MB
    Driver:   30.0.14.9676
Initialize mono
Mono path[0] = 'C:/Program Files/Unity/Hub/Editor/2020.3.5f1/Editor/Data/Managed'
Mono path[1] = 'C:/Program Files/Unity/Hub/Editor/2020.3.5f1/Editor/Data/MonoBleedingEdge/lib/mono/unityjit'
Mono config path = 'C:/Program Files/Unity/Hub/Editor/2020.3.5f1/Editor/Data/MonoBleedingEdge/etc'
Using monoOptions --debugger-agent=transport=dt_socket,embedding=1,server=y,suspend=n,address=127.0.0.1:56752
Begin MonoManager ReloadAssembly
Registering precompiled unity dll's ...
Register platform support module: C:/Program Files/Unity/Hub/Editor/2020.3.5f1/Editor/Data/PlaybackEngines/WebGLSupport/UnityEditor.WebGL.Extensions.dll
Register platform support module: C:/Program Files/Unity/Hub/Editor/2020.3.5f1/Editor/Data/PlaybackEngines/WindowsStandaloneSupport/UnityEditor.WindowsStandalone.Extensions.dll
Registered in 0.001731 seconds.
Native extension for WindowsStandalone target not found
Native extension for WebGL target not found
Refreshing native plugins compatible for Editor in 26.62 ms, found 0 plugins.
Preloading 0 native plugins for Editor in 0.00 ms.
Mono: successfully reloaded assembly
- Completed reload, in  1.777 seconds
Platform modules already initialized, skipping
Registering precompiled user dll's ...
Registered in 0.000603 seconds.
Begin MonoManager ReloadAssembly
Native extension for WindowsStandalone target not found
Native extension for WebGL target not found
Refreshing native plugins compatible for Editor in 0.24 ms, found 0 plugins.
Preloading 0 native plugins for Editor in 0.00 ms.
Mono: successfully reloaded assembly
- Completed reload, in  0.748 seconds
Platform modules already initialized, skipping
========================================================================
Worker process is ready to serve import requests
Launched and connected shader compiler UnityShaderCompiler.exe after 0.04 seconds
Refreshing native plugins compatible for Editor in 0.29 ms, found 0 plugins.
Preloading 0 native plugins for Editor in 0.00 ms.
Unloading 1482 Unused Serialized files (Serialized files now loaded: 0)
System memory in use before: 72.3 MB.
System memory in use after: 72.3 MB.

Unloading 11 unused Assets to reduce memory usage. Loaded Objects now: 1926.
Total: 2.452900 ms (FindLiveObjects: 0.169700 ms CreateObjectMapping: 0.056900 ms MarkObjects: 2.089500 ms  DeleteObjects: 0.135200 ms)

========================================================================
Received Import Request.
  path: Assets/Scenes/EndMenuScene.unity
  artifactKey: Guid(dc9ddfa7455cd7e43b9eb078e80251d6) Importer(815301076,1909f56bfc062723c751e8b465ee728b)
Start importing Assets/Scenes/EndMenuScene.unity using Guid(dc9ddfa7455cd7e43b9eb078e80251d6) Importer(815301076,1909f56bfc062723c751e8b465ee728b)  -> (artifact id: 'd6ba151077b939e4407039a67b1f4326') in 0.016384 seconds
  Import took 0.018723 seconds .

========================================================================
Received Import Request.
  Time since last request: 167.241825 seconds.
  path: Assets/Scenes/SampleScene.unity
  artifactKey: Guid(9fc0d4010bbf28b4594072e72b8655ab) Importer(815301076,1909f56bfc062723c751e8b465ee728b)
Start importing Assets/Scenes/SampleScene.unity using Guid(9fc0d4010bbf28b4594072e72b8655ab) Importer(815301076,1909f56bfc062723c751e8b465ee728b)  -> (artifact id: 'f55fe4ac3bad353bf7c8130b33b88493') in 0.008204 seconds
  Import took 0.011027 seconds .

========================================================================
Received Import Request.
  Time since last request: 21.717073 seconds.
  path: Assets/Scenes/EndMenuScene.unity
  artifactKey: Guid(dc9ddfa7455cd7e43b9eb078e80251d6) Importer(815301076,1909f56bfc062723c751e8b465ee728b)
Start importing Assets/Scenes/EndMenuScene.unity using Guid(dc9ddfa7455cd7e43b9eb078e80251d6) Importer(815301076,1909f56bfc062723c751e8b465ee728b)  -> (artifact id: '529451c75951485719971cd7b105a91e') in 0.004836 seconds
  Import took 0.007662 seconds .

========================================================================
Received Import Request.
  Time since last request: 0.000776 seconds.
  path: Assets/Scenes/EndMenuScene.unity
  artifactKey: Guid(dc9ddfa7455cd7e43b9eb078e80251d6) Importer(815301076,1909f56bfc062723c751e8b465ee728b)
Start importing Assets/Scenes/EndMenuScene.unity using Guid(dc9ddfa7455cd7e43b9eb078e80251d6) Importer(815301076,1909f56bfc062723c751e8b465ee728b)  -> (artifact id: '529451c75951485719971cd7b105a91e') in 0.004059 seconds
  Import took 0.007136 seconds .

========================================================================
Received Import Request.
  Time since last request: 4.540027 seconds.
  path: Assets/Scenes/SampleScene.unity
  artifactKey: Guid(9fc0d4010bbf28b4594072e72b8655ab) Importer(815301076,1909f56bfc062723c751e8b465ee728b)
Start importing Assets/Scenes/SampleScene.unity using Guid(9fc0d4010bbf28b4594072e72b8655ab) Importer(815301076,1909f56bfc062723c751e8b465ee728b)  -> (artifact id: 'f166a75582cba7c4b02d13ea6b67e52b') in 0.003983 seconds
  Import took 0.006760 seconds .

========================================================================
Received Import Request.
  Time since last request: 196.672145 seconds.
  path: Assets/Scenes/StartMenuScene.unity
  artifactKey: Guid(0798f5e63b909dc4ba2d8c231e0dea0c) Importer(815301076,1909f56bfc062723c751e8b465ee728b)
Start importing Assets/Scenes/StartMenuScene.unity using Guid(0798f5e63b909dc4ba2d8c231e0dea0c) Importer(815301076,1909f56bfc062723c751e8b465ee728b)  -> (artifact id: '87f7837bbe7a2957aa23a95f2c4d0838') in 0.006421 seconds
  Import took 0.008527 seconds .

========================================================================
Received Import Request.
  Time since last request: 0.005776 seconds.
  path: Assets/Scenes/StartMenuScene.unity
  artifactKey: Guid(0798f5e63b909dc4ba2d8c231e0dea0c) Importer(815301076,1909f56bfc062723c751e8b465ee728b)
Start importing Assets/Scenes/StartMenuScene.unity using Guid(0798f5e63b909dc4ba2d8c231e0dea0c) Importer(815301076,1909f56bfc062723c751e8b465ee728b)  -> (artifact id: '87f7837bbe7a2957aa23a95f2c4d0838') in 0.003086 seconds
  Import took 0.006182 seconds .

========================================================================
Received Prepare
Registering precompiled user dll's ...
Registered in 0.000630 seconds.
Begin MonoManager ReloadAssembly
Native extension for WindowsStandalone target not found
Native extension for WebGL target not found
Refreshing native plugins compatible for Editor in 0.23 ms, found 0 plugins.
Preloading 0 native plugins for Editor in 0.00 ms.
Mono: successfully reloaded assembly
- Completed reload, in  0.770 seconds
Platform modules already initialized, skipping
Refreshing native plugins compatible for Editor in 0.23 ms, found 0 plugins.
Preloading 0 native plugins for Editor in 0.00 ms.
Unloading 1455 Unused Serialized files (Serialized files now loaded: 0)
System memory in use before: 70.1 MB.
System memory in use after: 70.1 MB.

Unloading 6 unused Assets to reduce memory usage. Loaded Objects now: 1929.
Total: 1.947900 ms (FindLiveObjects: 0.156900 ms CreateObjectMapping: 0.044800 ms MarkObjects: 1.578800 ms  DeleteObjects: 0.166500 ms)

========================================================================
Received Import Request.
  Time since last request: 42.199385 seconds.
  path: Assets/Scenes/SampleScene.unity
  artifactKey: Guid(9fc0d4010bbf28b4594072e72b8655ab) Importer(815301076,1909f56bfc062723c751e8b465ee728b)
Start importing Assets/Scenes/SampleScene.unity using Guid(9fc0d4010bbf28b4594072e72b8655ab) Importer(815301076,1909f56bfc062723c751e8b465ee728b)  -> (artifact id: '297be0705dcbe0e4023e71f73361112f') in 0.013755 seconds
  Import took 0.016215 seconds .

========================================================================
Received Import Request.
  Time since last request: 0.831737 seconds.
  path: Assets/Scenes/StartMenuScene.unity
  artifactKey: Guid(0798f5e63b909dc4ba2d8c231e0dea0c) Importer(815301076,1909f56bfc062723c751e8b465ee728b)
Start importing Assets/Scenes/StartMenuScene.unity using Guid(0798f5e63b909dc4ba2d8c231e0dea0c) Importer(815301076,1909f56bfc062723c751e8b465ee728b)  -> (artifact id: 'add475ccf51b4f70338d42ed3b526ece') in 0.003955 seconds
  Import took 0.007190 seconds .

========================================================================
Received Import Request.
  Time since last request: 0.000636 seconds.
  path: Assets/Scenes/StartMenuScene.unity
  artifactKey: Guid(0798f5e63b909dc4ba2d8c231e0dea0c) Importer(815301076,1909f56bfc062723c751e8b465ee728b)
Start importing Assets/Scenes/StartMenuScene.unity using Guid(0798f5e63b909dc4ba2d8c231e0dea0c) Importer(815301076,1909f56bfc062723c751e8b465ee728b)  -> (artifact id: 'add475ccf51b4f70338d42ed3b526ece') in 0.003515 seconds
  Import took 0.005960 seconds .

========================================================================
Received Import Request.
  Time since last request: 45.501843 seconds.
  path: Assets/Scripts/TransferValues.cs
  artifactKey: Guid(20d63e771bc58ea4f8b0148f0f1290a1) Importer(815301076,1909f56bfc062723c751e8b465ee728b)
Start importing Assets/Scripts/TransferValues.cs using Guid(20d63e771bc58ea4f8b0148f0f1290a1) Importer(815301076,1909f56bfc062723c751e8b465ee728b)  -> (artifact id: 'c9b69a523ef6f2601e0915804ab001ee') in 0.020446 seconds
  Import took 0.022738 seconds .

========================================================================
Received Prepare
Registering precompiled user dll's ...
Registered in 0.001191 seconds.
Begin MonoManager ReloadAssembly
Native extension for WindowsStandalone target not found
Native extension for WebGL target not found
Refreshing native plugins compatible for Editor in 0.24 ms, found 0 plugins.
Preloading 0 native plugins for Editor in 0.00 ms.
Mono: successfully reloaded assembly
- Completed reload, in  0.814 seconds
Platform modules already initialized, skipping
Refreshing native plugins compatible for Editor in 0.25 ms, found 0 plugins.
Preloading 0 native plugins for Editor in 0.00 ms.
Unloading 1455 Unused Serialized files (Serialized files now loaded: 0)
System memory in use before: 70.2 MB.
System memory in use after: 70.2 MB.

Unloading 6 unused Assets to reduce memory usage. Loaded Objects now: 1932.
Total: 1.822700 ms (FindLiveObjects: 0.170400 ms CreateObjectMapping: 0.083700 ms MarkObjects: 1.454100 ms  DeleteObjects: 0.113500 ms)

========================================================================
Received Import Request.
  Time since last request: 40.775334 seconds.
  path: Assets/Scripts/TransferValues.cs
  artifactKey: Guid(20d63e771bc58ea4f8b0148f0f1290a1) Importer(815301076,1909f56bfc062723c751e8b465ee728b)
Start importing Assets/Scripts/TransferValues.cs using Guid(20d63e771bc58ea4f8b0148f0f1290a1) Importer(815301076,1909f56bfc062723c751e8b465ee728b)  -> (artifact id: '60c505b942742c933da7b13d8a42307a') in 0.004105 seconds
  Import took 0.006990 seconds .

========================================================================
Received Import Request.
  Time since last request: 7.122762 seconds.
  path: Assets/Scenes/StartMenuScene.unity
  artifactKey: Guid(0798f5e63b909dc4ba2d8c231e0dea0c) Importer(815301076,1909f56bfc062723c751e8b465ee728b)
Start importing Assets/Scenes/StartMenuScene.unity using Guid(0798f5e63b909dc4ba2d8c231e0dea0c) Importer(815301076,1909f56bfc062723c751e8b465ee728b)  -> (artifact id: '55e9ba06ff1d58944d58bd6b943f36a4') in 0.012304 seconds
  Import took 0.015131 seconds .

========================================================================
Received Prepare
Registering precompiled user dll's ...
Registered in 0.000635 seconds.
Begin MonoManager ReloadAssembly
Native extension for WindowsStandalone target not found
Native extension for WebGL target not found
Refreshing native plugins compatible for Editor in 0.33 ms, found 0 plugins.
Preloading 0 native plugins for Editor in 0.00 ms.
Mono: successfully reloaded assembly
- Completed reload, in  0.754 seconds
Platform modules already initialized, skipping
Refreshing native plugins compatible for Editor in 0.24 ms, found 0 plugins.
Preloading 0 native plugins for Editor in 0.00 ms.
Unloading 1455 Unused Serialized files (Serialized files now loaded: 0)
System memory in use before: 70.2 MB.
System memory in use after: 70.2 MB.

Unloading 6 unused Assets to reduce memory usage. Loaded Objects now: 1935.
Total: 2.289400 ms (FindLiveObjects: 0.211800 ms CreateObjectMapping: 0.061400 ms MarkObjects: 1.910100 ms  DeleteObjects: 0.104900 ms)

========================================================================
Received Prepare
Refreshing native plugins compatible for Editor in 0.66 ms, found 0 plugins.
Preloading 0 native plugins for Editor in 0.00 ms.
Unloading 4 Unused Serialized files (Serialized files now loaded: 0)
System memory in use before: 41.5 MB.
System memory in use after: 41.5 MB.

Unloading 4 unused Assets to reduce memory usage. Loaded Objects now: 1935.
Total: 1.934300 ms (FindLiveObjects: 0.230100 ms CreateObjectMapping: 0.073300 ms MarkObjects: 1.531300 ms  DeleteObjects: 0.098100 ms)

========================================================================
Received Prepare
Refreshing native plugins compatible for Editor in 0.92 ms, found 0 plugins.
Preloading 0 native plugins for Editor in 0.00 ms.
Unloading 4 Unused Serialized files (Serialized files now loaded: 0)
System memory in use before: 41.5 MB.
System memory in use after: 41.5 MB.

Unloading 4 unused Assets to reduce memory usage. Loaded Objects now: 1935.
Total: 2.969100 ms (FindLiveObjects: 0.290000 ms CreateObjectMapping: 0.130000 ms MarkObjects: 2.426800 ms  DeleteObjects: 0.120900 ms)

========================================================================
Received Prepare
Refreshing native plugins compatible for Editor in 0.64 ms, found 0 plugins.
Preloading 0 native plugins for Editor in 0.00 ms.
Unloading 4 Unused Serialized files (Serialized files now loaded: 0)
System memory in use before: 41.5 MB.
System memory in use after: 41.5 MB.

Unloading 4 unused Assets to reduce memory usage. Loaded Objects now: 1935.
Total: 4.994400 ms (FindLiveObjects: 0.529700 ms CreateObjectMapping: 0.190700 ms MarkObjects: 4.136400 ms  DeleteObjects: 0.135500 ms)

AssetImportWorkerClient::OnTransportError - code=2 error=End of file
